  Cryptopp.cpp
E:\Code C++\Môn An toàn thông tin\my project\Cryptopp\Cryptopp\Cryptopp.cpp(67,54): warning C4566: character represented by universal-character-name '\u0088' cannot be represented in the current code page (1252)
E:\Code C++\Môn An toàn thông tin\my project\Cryptopp\Cryptopp\Cryptopp.cpp(68,39): warning C4566: character represented by universal-character-name '\u0096' cannot be represented in the current code page (1252)
E:\Code C++\Môn An toàn thông tin\my project\Cryptopp\Cryptopp\Cryptopp.cpp(71,41): warning C4566: character represented by universal-character-name '\u0088' cannot be represented in the current code page (1252)
E:\Code C++\Môn An toàn thông tin\my project\Cryptopp\Cryptopp\Cryptopp.cpp(71,22): warning C4838: conversion from 'char' to 'CryptoPP::byte' requires a narrowing conversion
E:\Code C++\Môn An toàn thông tin\my project\Cryptopp\Cryptopp\Cryptopp.cpp(71,27): warning C4838: conversion from 'char' to 'CryptoPP::byte' requires a narrowing conversion
E:\Code C++\Môn An toàn thông tin\my project\Cryptopp\Cryptopp\Cryptopp.cpp(71,32): warning C4838: conversion from 'char' to 'CryptoPP::byte' requires a narrowing conversion
E:\Code C++\Môn An toàn thông tin\my project\Cryptopp\Cryptopp\Cryptopp.cpp(71,41): warning C4838: conversion from 'int' to 'CryptoPP::byte' requires a narrowing conversion
E:\Code C++\Môn An toàn thông tin\my project\Cryptopp\Cryptopp\Cryptopp.cpp(71,86): warning C4305: 'initializing': truncation from 'int' to 'CryptoPP::byte'
E:\Code C++\Môn An toàn thông tin\my project\Cryptopp\Cryptopp\Cryptopp.cpp(71,41): warning C4309: 'initializing': truncation of constant value
E:\Code C++\Môn An toàn thông tin\my project\Cryptopp\Cryptopp\Cryptopp.cpp(71,60): warning C4838: conversion from 'char' to 'CryptoPP::byte' requires a narrowing conversion
E:\Code C++\Môn An toàn thông tin\my project\Cryptopp\Cryptopp\Cryptopp.cpp(71,69): warning C4838: conversion from 'char' to 'CryptoPP::byte' requires a narrowing conversion
E:\Code C++\Môn An toàn thông tin\my project\Cryptopp\Cryptopp\Cryptopp.cpp(71,82): warning C4838: conversion from 'char' to 'CryptoPP::byte' requires a narrowing conversion
E:\Code C++\Môn An toàn thông tin\my project\Cryptopp\Cryptopp\Cryptopp.cpp(72,26): warning C4566: character represented by universal-character-name '\u0096' cannot be represented in the current code page (1252)
E:\Code C++\Môn An toàn thông tin\my project\Cryptopp\Cryptopp\Cryptopp.cpp(72,21): warning C4838: conversion from 'char' to 'CryptoPP::byte' requires a narrowing conversion
E:\Code C++\Môn An toàn thông tin\my project\Cryptopp\Cryptopp\Cryptopp.cpp(72,26): warning C4838: conversion from 'int' to 'CryptoPP::byte' requires a narrowing conversion
E:\Code C++\Môn An toàn thông tin\my project\Cryptopp\Cryptopp\Cryptopp.cpp(72,94): warning C4305: 'initializing': truncation from 'int' to 'CryptoPP::byte'
E:\Code C++\Môn An toàn thông tin\my project\Cryptopp\Cryptopp\Cryptopp.cpp(72,26): warning C4309: 'initializing': truncation of constant value
E:\Code C++\Môn An toàn thông tin\my project\Cryptopp\Cryptopp\Cryptopp.cpp(72,33): warning C4838: conversion from 'int' to 'CryptoPP::byte' requires a narrowing conversion
E:\Code C++\Môn An toàn thông tin\my project\Cryptopp\Cryptopp\Cryptopp.cpp(72,33): warning C4309: 'initializing': truncation of constant value
E:\Code C++\Môn An toàn thông tin\my project\Cryptopp\Cryptopp\Cryptopp.cpp(72,47): warning C4838: conversion from 'char' to 'CryptoPP::byte' requires a narrowing conversion
E:\Code C++\Môn An toàn thông tin\my project\Cryptopp\Cryptopp\Cryptopp.cpp(72,52): warning C4838: conversion from 'char' to 'CryptoPP::byte' requires a narrowing conversion
E:\Code C++\Môn An toàn thông tin\my project\Cryptopp\Cryptopp\Cryptopp.cpp(72,65): warning C4838: conversion from 'char' to 'CryptoPP::byte' requires a narrowing conversion
E:\Code C++\Môn An toàn thông tin\my project\Cryptopp\Cryptopp\Cryptopp.cpp(72,70): warning C4838: conversion from 'char' to 'CryptoPP::byte' requires a narrowing conversion
E:\Code C++\Môn An toàn thông tin\my project\Cryptopp\Cryptopp\Cryptopp.cpp(151,81): warning C4242: '=': conversion from 'int' to 'char', possible loss of data
  Generating code
  2 of 935 functions ( 0.2%) were compiled, the rest were copied from previous compilation.
    0 functions were new in current compilation
    0 functions had inline decision re-evaluated but remain unchanged
  Finished generating code
  Cryptopp.vcxproj -> E:\Code C++\Môn An toàn thông tin\my project\Cryptopp\x64\Release\Cryptopp.exe
